\BOOKMARK [0][-]{dummy.4}{\376\377\000C\000o\000n\000t\000e\000n\000t\000s}{}% 1
\BOOKMARK [0][-]{dummy.6}{\376\377\000L\000i\000s\000t\000e\000\040\000d\000e\000s\000\040\000f\000i\000g\000u\000r\000e\000s}{}% 2
\BOOKMARK [0][-]{dummy.8}{\376\377\000A\000b\000b\000r\000\351\000v\000i\000a\000t\000i\000o\000n\000s}{}% 3
\BOOKMARK [0][-]{chapter*.11}{\376\377\000I\000n\000t\000r\000o\000d\000u\000c\000t\000i\000o\000n}{}% 4
\BOOKMARK [0][-]{chapter.12}{\376\377\0001\000\040\000C\000o\000n\000t\000e\000x\000t\000e\000\040\000g\000\351\000n\000\351\000r\000a\000l\000e\000\040\000d\000u\000\040\000P\000r\000o\000j\000e\000t}{}% 5
\BOOKMARK [1][-]{section.13}{\376\377\0001\000.\0001\000\040\000P\000r\000\351\000s\000e\000n\000t\000a\000t\000i\000o\000n\000\040\000d\000e\000\040\000l\040\031\000o\000r\000g\000a\000n\000i\000s\000m\000e\000\040\000d\040\031\000a\000c\000c\000u\000e\000i\000l}{chapter.12}% 6
\BOOKMARK [2][-]{subsection.14}{\376\377\0001\000.\0001\000.\0001\000\040\000S\000a\000n\000a\000d\000T\000e\000c\000h}{section.13}% 7
\BOOKMARK [2][-]{subsection.15}{\376\377\0001\000.\0001\000.\0002\000\040\000L\000'\000\351\000q\000u\000i\000p\000e}{section.13}% 8
\BOOKMARK [1][-]{section.16}{\376\377\0001\000.\0002\000\040\000P\000r\000\351\000s\000e\000n\000t\000a\000t\000i\000o\000n\000\040\000d\000u\000\040\000s\000u\000j\000e\000t}{chapter.12}% 9
\BOOKMARK [1][-]{section.17}{\376\377\0001\000.\0003\000\040\000T\000e\000c\000h\000n\000o\000l\000o\000g\000i\000e\000s}{chapter.12}% 10
\BOOKMARK [2][-]{subsection.21}{\376\377\0001\000.\0003\000.\0001\000\040\000\040\000l\000a\000\040\000p\000a\000r\000t\000i\000e\000\040\000f\000r\000o\000n\000t\000-\000e\000n\000d}{section.17}% 11
\BOOKMARK [2][-]{subsection.22}{\376\377\0001\000.\0003\000.\0002\000\040\000P\000o\000u\000r\000\040\000l\000a\000\040\000p\000a\000r\000t\000i\000e\000\040\000b\000a\000c\000k\000-\000e\000n\000d\000\040}{section.17}% 12
\BOOKMARK [2][-]{subsection.23}{\376\377\0001\000.\0003\000.\0003\000\040\000P\000o\000u\000r\000\040\000l\000a\000\040\000p\000a\000r\000t\000i\000e\000\040\000D\000\351\000v\000e\000l\000o\000p\000p\000e\000m\000e\000n\000t\000\040\000d\000u\000\040\000m\000o\000d\000\350\000l\000e}{section.17}% 13
\BOOKMARK [1][-]{section.24}{\376\377\0001\000.\0004\000\040\000M\000\351\000t\000h\000o\000d\000o\000l\000o\000g\000i\000e\000\040\000A\000d\000o\000p\000t\000\351\000e}{chapter.12}% 14
\BOOKMARK [2][-]{subsection.25}{\376\377\0001\000.\0004\000.\0001\000\040\000P\000l\000a\000n\000i\000f\000i\000c\000a\000t\000i\000o\000n\000\040\000S\000C\000R\000U\000M}{section.24}% 15
\BOOKMARK [2][-]{subsection.27}{\376\377\0001\000.\0004\000.\0002\000\040\000L\000'\000\351\000q\000u\000i\000p\000e\000\040\000S\000C\000R\000U\000M}{section.24}% 16
\BOOKMARK [1][-]{section.28}{\376\377\0001\000.\0005\000\040\000L\000a\000n\000g\000a\000g\000e\000\040\000d\000e\000\040\000m\000o\000d\000\351\000l\000i\000s\000a\000t\000i\000o\000n}{chapter.12}% 17
\BOOKMARK [1][-]{section.29}{\376\377\0001\000.\0006\000\040\000T\000e\000n\000s\000o\000r\000F\000l\000o\000w\000\040\000:\000\040\000L\000i\000b\000r\000a\000i\000r\000i\000e\000\040\000d\000u\000\040\000m\000a\000c\000h\000i\000n\000e\000\040\000l\000e\000a\000r\000i\000n\000i\000n\000g\000\040\000e\000t\000\040\000d\000e\000e\000p\000\040\000l\000e\000a\000r\000n\000i\000n\000g}{chapter.12}% 18
\BOOKMARK [1][-]{section.30}{\376\377\0001\000.\0007\000\040\000P\000l\000a\000n\000i\000f\000i\000c\000a\000t\000i\000o\000n\000\040\000p\000r\000\351\000v\000i\000s\000i\000o\000n\000n\000e\000l\000l\000e}{chapter.12}% 19
\BOOKMARK [0][-]{chapter.32}{\376\377\0002\000\040\000A\000n\000a\000l\000y\000s\000e\000\040\000e\000t\000\040\000C\000o\000n\000c\000e\000p\000t\000i\000o\000n}{}% 20
\BOOKMARK [1][-]{section.33}{\376\377\0002\000.\0001\000\040\000L\000e\000\040\000B\000a\000c\000k\000l\000o\000g\000\040\000d\000u\000\040\000P\000r\000o\000d\000u\000i\000t}{chapter.32}% 21
\BOOKMARK [2][-]{subsection.35}{\376\377\0002\000.\0001\000.\0001\000\040\000L\000a\000\040\000m\000\351\000t\000h\000o\000d\000e\000\040\000d\000e\000\040\000p\000r\000i\000o\000r\000i\000s\000a\000t\000i\000o\000n}{section.33}% 22
\BOOKMARK [0][-]{chapter.36}{\376\377\0003\000\040\000S\000p\000r\000i\000n\000t\000\040\0000\000\040\000:\000\040\000P\000r\000e\000p\000a\000r\000a\000t\000i\000o\000n\000\040\000e\000t\000\040\000\351\000t\000u\000d\000e\000\040\000d\000e\000\040\000p\000r\000o\000j\000e\000t}{}% 23
\BOOKMARK [1][-]{section.37}{\376\377\0003\000.\0001\000\040\000L\000e\000\040\000B\000a\000c\000k\000l\000o\000g\000\040\000d\000u\000\040\000S\000p\000r\000i\000n\000t}{chapter.36}% 24
\BOOKMARK [1][-]{section.39}{\376\377\0003\000.\0002\000\040\000C\000o\000n\000c\000e\000p\000t\000i\000o\000n}{chapter.36}% 25
\BOOKMARK [2][-]{subsection.40}{\376\377\0003\000.\0002\000.\0001\000\040\000D\000i\000a\000g\000r\000a\000m\000m\000e\000\040\000d\000e\000\040\000c\000a\000s\000\040\000d\040\031\000u\000t\000i\000l\000i\000s\000a\000t\000i\000o\000n\000\040\000:\000\040\000s\000e\000r\000v\000i\000c\000e\000s\000\040\000c\000l\000i\000e\000n\000t}{section.39}% 26
\BOOKMARK [2][-]{subsection.42}{\376\377\0003\000.\0002\000.\0002\000\040\000D\000i\000a\000g\000r\000a\000m\000m\000e\000\040\000d\000e\000\040\000c\000l\000a\000s\000s\000e\000s}{section.39}% 27
\BOOKMARK [2][-]{subsection.44}{\376\377\0003\000.\0002\000.\0003\000\040\000D\000i\000a\000g\000r\000a\000m\000m\000e\000\040\000d\000e\000\040\000s\000\351\000q\000u\000e\000n\000c\000e}{section.39}% 28
\BOOKMARK [2][-]{subsection.46}{\376\377\0003\000.\0002\000.\0004\000\040\000D\000i\000a\000g\000r\000a\000m\000m\000e\000\040\000d\000e\000\040\000d\000\351\000p\000l\000o\000i\000e\000m\000e\000n\000t}{section.39}% 29
\BOOKMARK [1][-]{section.48}{\376\377\0003\000.\0003\000\040\000N\000L\000P\000\040\000:\000\040\000N\000a\000t\000u\000r\000a\000l\000\040\000L\000a\000n\000g\000u\000a\000g\000e\000\040\000P\000r\000o\000c\000e\000s\000s\000i\000n\000g}{chapter.36}% 30
\BOOKMARK [2][-]{subsection.49}{\376\377\0003\000.\0003\000.\0001\000\040\000M\000a\000c\000h\000i\000n\000e\000\040\000l\000e\000a\000r\000n\000i\000n\000g}{section.48}% 31
\BOOKMARK [2][-]{subsection.50}{\376\377\0003\000.\0003\000.\0002\000\040\000D\000e\000e\000p\000\040\000L\000e\000a\000r\000n\000i\000n\000g}{section.48}% 32
\BOOKMARK [2][-]{subsection.51}{\376\377\0003\000.\0003\000.\0003\000\040\000N\000L\000P}{section.48}% 33
\BOOKMARK [1][-]{section.52}{\376\377\0003\000.\0004\000\040\000P\000r\000\351\000p\000a\000r\000a\000t\000i\000o\000n\000\040\000d\000e\000s\000\040\000d\000o\000n\000n\000\351\000e\000s}{chapter.36}% 34
\BOOKMARK [2][-]{subsection.53}{\376\377\0003\000.\0004\000.\0001\000\040\000I\000d\000e\000n\000t\000i\000f\000i\000c\000a\000t\000i\000o\000n\000\040\000d\000e\000s\000\040\000s\000o\000u\000r\000c\000e\000s\000\040\000d\000e\000\040\000d\000o\000n\000n\000\351\000e\000s}{section.52}% 35
\BOOKMARK [2][-]{subsection.55}{\376\377\0003\000.\0004\000.\0002\000\040\000D\000\351\000f\000i\000n\000i\000t\000i\000o\000n\000\040\000d\000u\000\040\000l\000i\000e\000u\000\040\000d\000'\000e\000n\000t\000r\000e\000p\000o\000s\000a\000g\000e}{section.52}% 36
\BOOKMARK [2][-]{subsection.57}{\376\377\0003\000.\0004\000.\0003\000\040\000N\000e\000t\000t\000o\000y\000a\000g\000e\000\040\000d\000e\000s\000\040\000d\000o\000n\000n\000\351\000e\000s}{section.52}% 37
\BOOKMARK [2][-]{subsection.58}{\376\377\0003\000.\0004\000.\0004\000\040\000F\000e\000a\000t\000u\000r\000e\000s\000\040\000g\000e\000n\000e\000r\000a\000t\000i\000o\000n}{section.52}% 38
\BOOKMARK [2][-]{subsection.59}{\376\377\0003\000.\0004\000.\0005\000\040\000F\000e\000a\000t\000u\000r\000e\000\040\000e\000x\000t\000r\000a\000t\000i\000o\000n}{section.52}% 39
\BOOKMARK [0][-]{chapter.60}{\376\377\0004\000\040\000S\000p\000r\000i\000n\000t\000\040\0001\000\040\000:\000\040\000R\000\351\000a\000l\000i\000s\000a\000t\000i\000o\000n\000\040\000d\040\031\000u\000n\000\040\000m\000o\000d\000\350\000l\000e\000\040\000d\000e\000\040\000p\000r\000\351\000d\000i\000c\000t\000i\000o\000n\000\040\000a\000v\000e\000c\000\040\000l\040\031\000a\000l\000g\000o\000r\000i\000t\000h\000m\000e\000\040\000C\000N\000N}{}% 40
\BOOKMARK [1][-]{section.61}{\376\377\0004\000.\0001\000\040\000L\000e\000\040\000B\000a\000c\000k\000l\000o\000g\000\040\000d\000u\000\040\000S\000p\000r\000i\000n\000t\000\040\0001}{chapter.60}% 41
\BOOKMARK [1][-]{section.63}{\376\377\0004\000.\0002\000\040\000C\000o\000n\000c\000e\000p\000t\000i\000o\000n}{chapter.60}% 42
\BOOKMARK [2][-]{subsection.64}{\376\377\0004\000.\0002\000.\0001\000\040\000Q\000u\000'\000e\000s\000t\000\040\000c\000e\000\040\000q\000u\000'\000u\000n\000\040\000C\000N\000N\000/\000R\000N\000N\000\040\000?}{section.63}% 43
\BOOKMARK [2][-]{subsection.66}{\376\377\0004\000.\0002\000.\0002\000\040\000L\000'\000a\000r\000c\000h\000i\000t\000e\000c\000t\000u\000r\000e\000\040\000d\000e\000\040\000n\000o\000t\000r\000e\000\040\000r\000\351\000s\000e\000a\000u\000x\000\040\000n\000e\000u\000r\000o\000n\000a\000l}{section.63}% 44
\BOOKMARK [0][-]{chapter.73}{\376\377\0005\000\040\000S\000p\000r\000i\000n\000t\000\040\0002\000\040\000:\000\040\000R\000\351\000a\000l\000i\000s\000a\000t\000i\000o\000n\000\040\000d\040\031\000u\000n\000\040\000m\000o\000d\000\350\000l\000e\000\040\000d\000e\000\040\000p\000r\000\351\000d\000i\000c\000t\000i\000o\000n\000\040\000a\000v\000e\000c\000\040\000l\040\031\000a\000l\000g\000o\000r\000i\000t\000h\000m\000e\000\040\000S\000V\000M}{}% 45
\BOOKMARK [1][-]{section.74}{\376\377\0005\000.\0001\000\040\000L\000e\000\040\000B\000a\000c\000k\000l\000o\000g\000\040\000d\000u\000\040\000S\000p\000r\000i\000n\000t\000\040\0002}{chapter.73}% 46
\BOOKMARK [1][-]{section.76}{\376\377\0005\000.\0002\000\040\000C\000o\000n\000c\000e\000p\000t\000i\000o\000n}{chapter.73}% 47
\BOOKMARK [2][-]{subsection.77}{\376\377\0005\000.\0002\000.\0001\000\040\000Q\000u\000'\000e\000s\000t\000\040\000c\000e\000\040\000q\000u\000e\000\040\000l\000e\000\040\000S\000V\000M\000\040\000?}{section.76}% 48
\BOOKMARK [2][-]{subsection.79}{\376\377\0005\000.\0002\000.\0002\000\040\000i\000m\000p\000l\000\351\000m\000e\000n\000t\000a\000t\000i\000o\000n\000\040\000e\000t\000\040\000o\000p\000t\000i\000m\000i\000s\000a\000t\000i\000o\000n}{section.76}% 49
\BOOKMARK [0][-]{chapter.84}{\376\377\0006\000\040\000S\000p\000r\000i\000n\000t\000\040\0003\000\040\000:\000\040\000A\000m\000\351\000l\000i\000o\000r\000a\000t\000i\000o\000n\000\040\000d\000u\000\040\000C\000N\000N\000\040\000a\000v\000e\000c\000\040\000w\000o\000r\000d\0002\000v\000e\000c}{}% 50
\BOOKMARK [1][-]{section.85}{\376\377\0006\000.\0001\000\040\000L\000e\000\040\000B\000a\000c\000k\000l\000o\000g\000\040\000d\000u\000\040\000S\000p\000r\000i\000n\000t\000\040\0004}{chapter.84}% 51
\BOOKMARK [1][-]{section.87}{\376\377\0006\000.\0002\000\040\000C\000o\000n\000c\000e\000p\000t\000i\000o\000n}{chapter.84}% 52
\BOOKMARK [2][-]{subsection.88}{\376\377\0006\000.\0002\000.\0001\000\040\000Q\000u\000'\000e\000s\000t\000\040\000c\000e\000\040\000q\000u\000'\000u\000n\000\040\000w\000o\000r\000d\0002\000v\000e\000c\000\040\000?}{section.87}% 53
\BOOKMARK [2][-]{subsection.89}{\376\377\0006\000.\0002\000.\0002\000\040\000U\000t\000i\000l\000i\000s\000a\000t\000i\000o\000n}{section.87}% 54
\BOOKMARK [0][-]{chapter*.93}{\376\377\000C\000o\000n\000c\000l\000u\000s\000i\000o\000n\000\040\000\046\000\040\000P\000e\000r\000s\000p\000e\000c\000t\000i\000v\000e}{}% 55
